2018/05/27 11:43:32 INFO Loaded plugin AWSBatch 
2018/05/27 11:43:32 WARN There are uncommited files in your repo!
	We will try to commit these files before running.
 
2018/05/27 11:43:32 INFO Successfully commited files to git. 
2018/05/27 11:43:33 FATAL We have noticed a dirty commit while trying to generate tags...
 
2018/05/27 11:43:33 INFO Parsing input file 
2018/05/27 11:43:34 INFO Here is your tabular dependency list in submission order 
2018/05/27 11:43:34 INFO 

.---------------------------------------------------------.
| JobName | Deps   | Task Count | Mem  | Cpu | Num Arrays |
+---------+--------+------------+------+-----+------------+
| job001  |        |          5 | 10GB |   4 |          5 |
| job002  | job001 |          5 | 10GB |   4 |          3 |
| job003  | job002 |          5 | 10GB |   4 |          1 |
'---------+--------+------------+------+-----+------------'
 
2018/05/27 11:43:35 INFO Submitting jobs 
2018/05/27 11:43:35 INFO Beginning to submit jobs to the scheduler 
2018/05/27 11:43:35 INFO Schedule is job001, job002, job003
 
2018/05/27 11:43:35 INFO Submitting all job001 job types 
2018/05/27 11:43:35 INFO There are 5 tasks for job type job001 
2018/05/27 11:43:35 INFO Calculating task dependencies for AWS. This may take some time. 
